DEBUG: Animate clicked
DEBUG: IK result: (np.float64(0.0), np.float64(90.0), np.float64(1.2722218725854067e-14))
DEBUG: _start_animation called
DEBUG: no current_angles attribute or None
DEBUG: MainWindow received target angles: (0.0, 90.0, 0.0)
DEBUG: interactive_controller not active, ignoring
DEBUG: Starting interactive mode
DEBUG: _apply_target_angles(0, 0, 0)
DEBUG: MainWindow received target angles: (0.0, 66.72105080199731, 0.0)
DEBUG: _apply_target_angles(0.0, 66.72105080199731, 0.0)
DEBUG: MainWindow received target angles: (40.85537625889572, -32.97381152185554, 70.63003337177727)
DEBUG: _apply_target_angles(40.85537625889572, -32.97381152185554, 70.63003337177727)
DEBUG: MainWindow received target angles: (40.85537625889572, -32.97381152185554, 70.63003337177727)
DEBUG: _apply_target_angles(40.85537625889572, -32.97381152185554, 70.63003337177727)
DEBUG: MainWindow received target angles: (40.85537625889572, -32.97381152185554, 70.63003337177727)
DEBUG: _apply_target_angles(40.85537625889572, -32.97381152185554, 70.63003337177727)
DEBUG: MainWindow received target angles: (40.85537625889572, -32.97381152185554, 70.63003337177727)
DEBUG: _apply_target_angles(40.85537625889572, -32.97381152185554, 70.63003337177727)
DEBUG: Animate clicked
DEBUG: IK result: (np.float64(31.86597769360368), np.float64(-40.74729955542388), np.float64(86.75149902695627))
DEBUG: _start_animation called
DEBUG: animation timer started
DEBUG: animation first step
DEBUG: step t=0.000, emit [40.855376241833724, -32.973811536609716, 70.63003340237601]
DEBUG: MainWindow received target angles: (40.855376241833724, -32.973811536609716, 70.63003340237601)
DEBUG: _apply_target_angles(40.855376241833724, -32.973811536609716, 70.63003340237601)
DEBUG: step t=0.005, emit [40.81105451319152, -33.0121382861386, 70.70951939033102]
DEBUG: MainWindow received target angles: (40.81105451319152, -33.0121382861386, 70.70951939033102)
DEBUG: _apply_target_angles(40.81105451319152, -33.0121382861386, 70.70951939033102)
DEBUG: step t=0.015, emit [40.71923421134538, -33.091538928178814, 70.87418867625811]
DEBUG: MainWindow received target angles: (40.71923421134538, -33.091538928178814, 70.87418867625811)
DEBUG: _apply_target_angles(40.71923421134538, -33.091538928178814, 70.87418867625811)
DEBUG: step t=0.030, emit [40.58796510816159, -33.205052507020035, 71.10960490829997]
DEBUG: MainWindow received target angles: (40.58796510816159, -33.205052507020035, 71.10960490829997)
DEBUG: _apply_target_angles(40.58796510816159, -33.205052507020035, 71.10960490829997)
DEBUG: step t=0.045, emit [40.44744566606549, -33.32656521932041, 71.36161057288179]
DEBUG: MainWindow received target angles: (40.44744566606549, -33.32656521932041, 71.36161057288179)
DEBUG: _apply_target_angles(40.44744566606549, -33.32656521932041, 71.36161057288179)
DEBUG: step t=0.064, emit [40.27662680868434, -33.47427903288821, 71.66795479852995]
DEBUG: MainWindow received target angles: (40.27662680868434, -33.47427903288821, 71.66795479852995)
DEBUG: _apply_target_angles(40.27662680868434, -33.47427903288821, 71.66795479852995)
DEBUG: step t=0.087, emit [40.07012413909735, -33.652850048432256, 72.0382938897683]
DEBUG: MainWindow received target angles: (40.07012413909735, -33.652850048432256, 72.0382938897683)
DEBUG: _apply_target_angles(40.07012413909735, -33.652850048432256, 72.0382938897683)
DEBUG: step t=0.114, emit [39.8319208279725, -33.85883386093498, 72.46548448225977]
DEBUG: MainWindow received target angles: (39.8319208279725, -33.85883386093498, 72.46548448225977)
DEBUG: _apply_target_angles(39.8319208279725, -33.85883386093498, 72.46548448225977)
DEBUG: step t=0.144, emit [39.56363605831745, -34.09083029888961, 72.94662275512496]
DEBUG: MainWindow received target angles: (39.56363605831745, -34.09083029888961, 72.94662275512496)
DEBUG: _apply_target_angles(39.56363605831745, -34.09083029888961, 72.94662275512496)
DEBUG: step t=0.173, emit [39.30299475132721, -34.31621713275021, 73.41405334555263]
DEBUG: MainWindow received target angles: (39.30299475132721, -34.31621713275021, 73.41405334555263)
DEBUG: _apply_target_angles(39.30299475132721, -34.31621713275021, 73.41405334555263)
DEBUG: step t=0.203, emit [39.03294618030641, -34.54973879941849, 73.89835479590229]
DEBUG: MainWindow received target angles: (39.03294618030641, -34.54973879941849, 73.89835479590229)
DEBUG: _apply_target_angles(39.03294618030641, -34.54973879941849, 73.89835479590229)
DEBUG: step t=0.234, emit [38.74932360893835, -34.794998440379565, 74.40699967465957]
DEBUG: MainWindow received target angles: (38.74932360893835, -34.794998440379565, 74.40699967465957)
DEBUG: _apply_target_angles(38.74932360893835, -34.794998440379565, 74.40699967465957)
DEBUG: step t=0.267, emit [38.457247603777375, -35.04756809946415, 74.93080482710711]
DEBUG: MainWindow received target angles: (38.457247603777375, -35.04756809946415, 74.93080482710711)
DEBUG: _apply_target_angles(38.457247603777375, -35.04756809946415, 74.93080482710711)
DEBUG: step t=0.312, emit [38.053037455500686, -35.397104581560676, 75.65570983333049]
DEBUG: MainWindow received target angles: (38.053037455500686, -35.397104581560676, 75.65570983333049)
DEBUG: _apply_target_angles(38.053037455500686, -35.397104581560676, 75.65570983333049)
DEBUG: step t=0.349, emit [37.71619769867069, -35.68838322494597, 76.25979369184357]
DEBUG: MainWindow received target angles: (37.71619769867069, -35.68838322494597, 76.25979369184357)
DEBUG: _apply_target_angles(37.71619769867069, -35.68838322494597, 76.25979369184357)
DEBUG: step t=0.385, emit [37.390980279960075, -35.96961157346039, 76.84303420655968]
DEBUG: MainWindow received target angles: (37.390980279960075, -35.96961157346039, 76.84303420655968)
DEBUG: _apply_target_angles(37.390980279960075, -35.96961157346039, 76.84303420655968)
DEBUG: step t=0.421, emit [37.075136492927854, -36.24273417239058, 77.40946417715874]
DEBUG: MainWindow received target angles: (37.075136492927854, -36.24273417239058, 77.40946417715874)
DEBUG: _apply_target_angles(37.075136492927854, -36.24273417239058, 77.40946417715874)
DEBUG: step t=0.474, emit [36.59228550293383, -36.66027449674634, 78.27540260398663]
DEBUG: MainWindow received target angles: (36.59228550293383, -36.66027449674634, 78.27540260398663)
DEBUG: _apply_target_angles(36.59228550293383, -36.66027449674634, 78.27540260398663)
DEBUG: step t=0.527, emit [36.1158847317951, -37.072237062065, 79.12977329566641]
DEBUG: MainWindow received target angles: (36.1158847317951, -37.072237062065, 79.12977329566641)
DEBUG: _apply_target_angles(36.1158847317951, -37.072237062065, 79.12977329566641)
DEBUG: step t=0.565, emit [35.77692660300065, -37.365347545366696, 79.73765621377416]
DEBUG: MainWindow received target angles: (35.77692660300065, -37.365347545366696, 79.73765621377416)
DEBUG: _apply_target_angles(35.77692660300065, -37.365347545366696, 79.73765621377416)
DEBUG: step t=0.611, emit [35.36660038222652, -37.720172836945416, 80.47352970159238]
DEBUG: MainWindow received target angles: (35.36660038222652, -37.720172836945416, 80.47352970159238)
DEBUG: _apply_target_angles(35.36660038222652, -37.720172836945416, 80.47352970159238)
DEBUG: step t=0.664, emit [34.88240294466121, -38.13887748770267, 81.34188282926141]
DEBUG: MainWindow received target angles: (34.88240294466121, -38.13887748770267, 81.34188282926141)
DEBUG: _apply_target_angles(34.88240294466121, -38.13887748770267, 81.34188282926141)
DEBUG: step t=0.710, emit [34.47009928494718, -38.495412748844394, 82.08130262929654]
DEBUG: MainWindow received target angles: (34.47009928494718, -38.495412748844394, 82.08130262929654)
DEBUG: _apply_target_angles(34.47009928494718, -38.495412748844394, 82.08130262929654)
DEBUG: step t=0.756, emit [34.06289632238279, -38.84753723567596, 82.81157490813567]
DEBUG: MainWindow received target angles: (34.06289632238279, -38.84753723567596, 82.81157490813567)
DEBUG: _apply_target_angles(34.06289632238279, -38.84753723567596, 82.81157490813567)
DEBUG: step t=0.793, emit [33.725682900261006, -39.13913900219939, 83.41632889292299]
DEBUG: MainWindow received target angles: (33.725682900261006, -39.13913900219939, 83.41632889292299)
DEBUG: _apply_target_angles(33.725682900261006, -39.13913900219939, 83.41632889292299)
DEBUG: step t=0.830, emit [33.39658057169959, -39.42372678572132, 84.0065365523572]
DEBUG: MainWindow received target angles: (33.39658057169959, -39.42372678572132, 84.0065365523572)
DEBUG: _apply_target_angles(33.39658057169959, -39.42372678572132, 84.0065365523572)
DEBUG: step t=0.860, emit [33.12406617697674, -39.65938074754834, 84.49526017754265]
DEBUG: MainWindow received target angles: (33.12406617697674, -39.65938074754834, 84.49526017754265)
DEBUG: _apply_target_angles(33.12406617697674, -39.65938074754834, 84.49526017754265)
DEBUG: step t=0.887, emit [32.88403997422525, -39.86694088644745, 84.92571991919226]
DEBUG: MainWindow received target angles: (32.88403997422525, -39.86694088644745, 84.92571991919226)
DEBUG: _apply_target_angles(32.88403997422525, -39.86694088644745, 84.92571991919226)
DEBUG: step t=0.911, emit [32.66351483916567, -40.05763768179318, 85.321206710121]
DEBUG: MainWindow received target angles: (32.66351483916567, -40.05763768179318, 85.321206710121)
DEBUG: _apply_target_angles(32.66351483916567, -40.05763768179318, 85.321206710121)
DEBUG: step t=0.933, emit [32.466085713276144, -40.22836244568402, 85.67527343096359]
DEBUG: MainWindow received target angles: (32.466085713276144, -40.22836244568402, 85.67527343096359)
DEBUG: _apply_target_angles(32.466085713276144, -40.22836244568402, 85.67527343096359)
DEBUG: step t=0.952, emit [32.295464115709, -40.3759056808986, 85.98126389353256]
DEBUG: MainWindow received target angles: (32.295464115709, -40.3759056808986, 85.98126389353256)
DEBUG: _apply_target_angles(32.295464115709, -40.3759056808986, 85.98126389353256)
DEBUG: step t=0.969, emit [32.14259640151337, -40.50809643185792, 86.25541478208095]
DEBUG: MainWindow received target angles: (32.14259640151337, -40.50809643185792, 86.25541478208095)
DEBUG: _apply_target_angles(32.14259640151337, -40.50809643185792, 86.25541478208095)
DEBUG: step t=0.982, emit [32.02369216735116, -40.6109176200261, 86.46865602546099]
DEBUG: MainWindow received target angles: (32.02369216735116, -40.6109176200261, 86.46865602546099)
DEBUG: _apply_target_angles(32.02369216735116, -40.6109176200261, 86.46865602546099)
DEBUG: step t=0.992, emit [31.940410232893612, -40.68293479850762, 86.61801271893746]
DEBUG: MainWindow received target angles: (31.940410232893612, -40.68293479850762, 86.61801271893746)
DEBUG: _apply_target_angles(31.940410232893612, -40.68293479850762, 86.61801271893746)
DEBUG: step t=0.998, emit [31.8866543986951, -40.729419591771766, 86.71441770404323]
DEBUG: MainWindow received target angles: (31.8866543986951, -40.729419591771766, 86.71441770404323)
DEBUG: _apply_target_angles(31.8866543986951, -40.729419591771766, 86.71441770404323)
DEBUG: step t=1.000, emit [31.86597769360368, -40.74729955542388, 86.75149902695627]
DEBUG: MainWindow received target angles: (31.86597769360368, -40.74729955542388, 86.75149902695627)
DEBUG: _apply_target_angles(31.86597769360368, -40.74729955542388, 86.75149902695627)
DEBUG: animation complete
DEBUG: Animate clicked
DEBUG: IK result: (np.float64(31.86597769360368), np.float64(63.134052550228084), np.float64(-1.2722218725854067e-14))
DEBUG: _start_animation called
DEBUG: animation timer started
DEBUG: animation first step
DEBUG: step t=0.000, emit [31.86597769360368, -40.747299410336396, 86.75149890579345]
DEBUG: MainWindow received target angles: (31.86597769360368, -40.747299410336396, 86.75149890579345)
DEBUG: _apply_target_angles(31.86597769360368, -40.747299410336396, 86.75149890579345)
DEBUG: step t=0.002, emit [31.86597769360368, -40.545217654859, 86.58274007797388]
DEBUG: MainWindow received target angles: (31.86597769360368, -40.545217654859, 86.58274007797388)
DEBUG: _apply_target_angles(31.86597769360368, -40.545217654859, 86.58274007797388)
DEBUG: step t=0.007, emit [31.86597769360368, -40.00901189026623, 86.13495370513182]
DEBUG: MainWindow received target angles: (31.86597769360368, -40.00901189026623, 86.13495370513182)
DEBUG: _apply_target_angles(31.86597769360368, -40.00901189026623, 86.13495370513182)
DEBUG: step t=0.017, emit [31.86597769360368, -38.937608143179695, 85.2402225600431]
DEBUG: MainWindow received target angles: (31.86597769360368, -38.937608143179695, 85.2402225600431)
DEBUG: _apply_target_angles(31.86597769360368, -38.937608143179695, 85.2402225600431)
DEBUG: step t=0.043, emit [31.86597769360368, -36.29923071004737, 83.0369089461585]
DEBUG: MainWindow received target angles: (31.86597769360368, -36.29923071004737, 83.0369089461585)
DEBUG: _apply_target_angles(31.86597769360368, -36.29923071004737, 83.0369089461585)
DEBUG: step t=0.069, emit [31.86597769360368, -33.614047944590276, 80.79450811729909]
DEBUG: MainWindow received target angles: (31.86597769360368, -33.614047944590276, 80.79450811729909)
DEBUG: _apply_target_angles(31.86597769360368, -33.614047944590276, 80.79450811729909)
DEBUG: step t=0.101, emit [31.86597769360368, -30.2638480473137, 77.99675031729366]
DEBUG: MainWindow received target angles: (31.86597769360368, -30.2638480473137, 77.99675031729366)
DEBUG: _apply_target_angles(31.86597769360368, -30.2638480473137, 77.99675031729366)
DEBUG: step t=0.131, emit [31.86597769360368, -27.102731499432934, 75.35689635343046]
DEBUG: MainWindow received target angles: (31.86597769360368, -27.102731499432934, 75.35689635343046)
DEBUG: _apply_target_angles(31.86597769360368, -27.102731499432934, 75.35689635343046)
DEBUG: step t=0.161, emit [31.86597769360368, -23.988927393740294, 72.75655309287686]
DEBUG: MainWindow received target angles: (31.86597769360368, -23.988927393740294, 72.75655309287686)
DEBUG: _apply_target_angles(31.86597769360368, -23.988927393740294, 72.75655309287686)
DEBUG: step t=0.196, emit [31.86597769360368, -20.336962087197705, 69.70679047123912]
DEBUG: MainWindow received target angles: (31.86597769360368, -20.336962087197705, 69.70679047123912)
DEBUG: _apply_target_angles(31.86597769360368, -20.336962087197705, 69.70679047123912)
DEBUG: step t=0.230, emit [31.86597769360368, -16.89157299414071, 66.82954000717282]
DEBUG: MainWindow received target angles: (31.86597769360368, -16.89157299414071, 66.82954000717282)
DEBUG: _apply_target_angles(31.86597769360368, -16.89157299414071, 66.82954000717282)
DEBUG: step t=0.264, emit [31.86597769360368, -13.301578025682705, 63.83152892337199]
DEBUG: MainWindow received target angles: (31.86597769360368, -13.301578025682705, 63.83152892337199)
DEBUG: _apply_target_angles(31.86597769360368, -13.301578025682705, 63.83152892337199)
DEBUG: step t=0.299, emit [31.86597769360368, -9.706239507289148, 60.82905543166407]
DEBUG: MainWindow received target angles: (31.86597769360368, -9.706239507289148, 60.82905543166407)
DEBUG: _apply_target_angles(31.86597769360368, -9.706239507289148, 60.82905543166407)
DEBUG: step t=0.336, emit [31.86597769360368, -5.827034919433295, 57.58952488833346]
DEBUG: MainWindow received target angles: (31.86597769360368, -5.827034919433295, 57.58952488833346)
DEBUG: _apply_target_angles(31.86597769360368, -5.827034919433295, 57.58952488833346)
DEBUG: step t=0.385, emit [31.86597769360368, -0.7506912225234075, 53.35026137898784]
DEBUG: MainWindow received target angles: (31.86597769360368, -0.7506912225234075, 53.35026137898784)
DEBUG: _apply_target_angles(31.86597769360368, -0.7506912225234075, 53.35026137898784)
DEBUG: step t=0.424, emit [31.86597769360368, 3.248462790069887, 50.01056086104223]
DEBUG: MainWindow received target angles: (31.86597769360368, 3.248462790069887, 50.01056086104223)
DEBUG: _apply_target_angles(31.86597769360368, 3.248462790069887, 50.01056086104223)
DEBUG: step t=0.461, emit [31.86597769360368, 7.12975738941514, 46.76928494545747]
DEBUG: MainWindow received target angles: (31.86597769360368, 7.12975738941514, 46.76928494545747)
DEBUG: _apply_target_angles(31.86597769360368, 7.12975738941514, 46.76928494545747)
DEBUG: step t=0.501, emit [31.86597769360368, 11.3175717390708, 43.272033849709935]
DEBUG: MainWindow received target angles: (31.86597769360368, 11.3175717390708, 43.272033849709935)
DEBUG: _apply_target_angles(31.86597769360368, 11.3175717390708, 43.272033849709935)
DEBUG: step t=0.541, emit [31.86597769360368, 15.44449819207383, 39.82563034306427]
DEBUG: MainWindow received target angles: (31.86597769360368, 15.44449819207383, 39.82563034306427)
DEBUG: _apply_target_angles(31.86597769360368, 15.44449819207383, 39.82563034306427)
DEBUG: step t=0.580, emit [31.86597769360368, 19.494633400045593, 36.44335533959627]
DEBUG: MainWindow received target angles: (31.86597769360368, 19.494633400045593, 36.44335533959627)
DEBUG: _apply_target_angles(31.86597769360368, 19.494633400045593, 36.44335533959627)
DEBUG: step t=0.619, emit [31.86597769360368, 23.509996741842343, 33.09011838245232]
DEBUG: MainWindow received target angles: (31.86597769360368, 23.509996741842343, 33.09011838245232)
DEBUG: _apply_target_angles(31.86597769360368, 23.509996741842343, 33.09011838245232)
DEBUG: step t=0.655, emit [31.86597769360368, 27.291309394257667, 29.93233756580488]
DEBUG: MainWindow received target angles: (31.86597769360368, 27.291309394257667, 29.93233756580488)
DEBUG: _apply_target_angles(31.86597769360368, 27.291309394257667, 29.93233756580488)
DEBUG: step t=0.693, emit [31.86597769360368, 31.232749800911265, 26.64083378122897]
DEBUG: MainWindow received target angles: (31.86597769360368, 31.232749800911265, 26.64083378122897)
DEBUG: _apply_target_angles(31.86597769360368, 31.232749800911265, 26.64083378122897)
DEBUG: step t=0.731, emit [31.86597769360368, 35.16437903928038, 23.35752332046559]
DEBUG: MainWindow received target angles: (31.86597769360368, 35.16437903928038, 23.35752332046559)
DEBUG: _apply_target_angles(31.86597769360368, 35.16437903928038, 23.35752332046559)
DEBUG: step t=0.766, emit [31.86597769360368, 38.861080845274074, 20.270401169808082]
DEBUG: MainWindow received target angles: (31.86597769360368, 38.861080845274074, 20.270401169808082)
DEBUG: _apply_target_angles(31.86597769360368, 38.861080845274074, 20.270401169808082)
DEBUG: step t=0.801, emit [31.86597769360368, 42.51019775330374, 17.223017250755674]
DEBUG: MainWindow received target angles: (31.86597769360368, 42.51019775330374, 17.223017250755674)
DEBUG: _apply_target_angles(31.86597769360368, 42.51019775330374, 17.223017250755674)
DEBUG: step t=0.843, emit [31.86597769360368, 46.77922144949176, 13.657948087531352]
DEBUG: MainWindow received target angles: (31.86597769360368, 46.77922144949176, 13.657948087531352)
DEBUG: _apply_target_angles(31.86597769360368, 46.77922144949176, 13.657948087531352)
DEBUG: step t=0.880, emit [31.86597769360368, 50.65544498041925, 10.420907030061073]
DEBUG: MainWindow received target angles: (31.86597769360368, 50.65544498041925, 10.420907030061073)
DEBUG: _apply_target_angles(31.86597769360368, 50.65544498041925, 10.420907030061073)
DEBUG: step t=0.916, emit [31.86597769360368, 54.45155104114835, 7.250772212229364]
DEBUG: MainWindow received target angles: (31.86597769360368, 54.45155104114835, 7.250772212229364)
DEBUG: _apply_target_angles(31.86597769360368, 54.45155104114835, 7.250772212229364)
DEBUG: step t=0.942, emit [31.86597769360368, 57.0990844689408, 5.03981241117306]
DEBUG: MainWindow received target angles: (31.86597769360368, 57.0990844689408, 5.03981241117306)
DEBUG: _apply_target_angles(31.86597769360368, 57.0990844689408, 5.03981241117306)
DEBUG: step t=0.966, emit [31.86597769360368, 59.636765992497544, 2.920590127681251]
DEBUG: MainWindow received target angles: (31.86597769360368, 59.636765992497544, 2.920590127681251)
DEBUG: _apply_target_angles(31.86597769360368, 59.636765992497544, 2.920590127681251)
DEBUG: step t=0.982, emit [31.86597769360368, 61.24495694474804, 1.5775870477114324]
DEBUG: MainWindow received target angles: (31.86597769360368, 61.24495694474804, 1.5775870477114324)
DEBUG: _apply_target_angles(31.86597769360368, 61.24495694474804, 1.5775870477114324)
DEBUG: step t=0.992, emit [31.86597769360368, 62.32298344811208, 0.677325227259729]
DEBUG: MainWindow received target angles: (31.86597769360368, 62.32298344811208, 0.677325227259729)
DEBUG: _apply_target_angles(31.86597769360368, 62.32298344811208, 0.677325227259729)
DEBUG: step t=0.999, emit [31.86597769360368, 62.981323924305556, 0.12754394291700066]
DEBUG: MainWindow received target angles: (31.86597769360368, 62.981323924305556, 0.12754394291700066)
DEBUG: _apply_target_angles(31.86597769360368, 62.981323924305556, 0.12754394291700066)
DEBUG: step t=1.000, emit [31.86597769360368, 63.13405255022808, -1.4210854715202004e-14]
DEBUG: MainWindow received target angles: (31.86597769360368, 63.13405255022808, -1.4210854715202004e-14)
DEBUG: _apply_target_angles(31.86597769360368, 63.13405255022808, -1.4210854715202004e-14)
DEBUG: animation complete
DEBUG: Animate clicked
DEBUG: IK result: (np.float64(142.5238204386386), np.float64(66.27165440683058), np.float64(0.0))
DEBUG: _start_animation called
DEBUG: animation timer started
DEBUG: animation first step
DEBUG: step t=0.000, emit [31.865977969881506, 63.13405255806168, -1.421085467972197e-14]
DEBUG: MainWindow received target angles: (31.865977969881506, 63.13405255806168, -1.421085467972197e-14)
DEBUG: _apply_target_angles(31.865977969881506, 63.13405255806168, -1.421085467972197e-14)
DEBUG: step t=0.005, emit [32.38404662041145, 63.14874192050927, -1.4144323486427835e-14]
DEBUG: MainWindow received target angles: (32.38404662041145, 63.14874192050927, -1.4144323486427835e-14)
DEBUG: _apply_target_angles(32.38404662041145, 63.14874192050927, -1.4144323486427835e-14)
DEBUG: step t=0.020, emit [34.1068672696975, 63.19759092328848, -1.3923076141097197e-14]
DEBUG: MainWindow received target angles: (34.1068672696975, 63.19759092328848, -1.3923076141097197e-14)
DEBUG: _apply_target_angles(34.1068672696975, 63.19759092328848, -1.3923076141097197e-14)
DEBUG: step t=0.049, emit [37.339534020000656, 63.28925023044575, -1.3507931977867217e-14]
DEBUG: MainWindow received target angles: (37.339534020000656, 63.28925023044575, -1.3507931977867217e-14)
DEBUG: _apply_target_angles(37.339534020000656, 63.28925023044575, -1.3507931977867217e-14)
DEBUG: step t=0.077, emit [40.33357954784303, 63.3741436512271, -1.3123431928422893e-14]
DEBUG: MainWindow received target angles: (40.33357954784303, 63.3741436512271, -1.3123431928422893e-14)
DEBUG: _apply_target_angles(40.33357954784303, 63.3741436512271, -1.3123431928422893e-14)
DEBUG: step t=0.107, emit [43.70696010290868, 63.46979276953666, -1.269021707642564e-14]
DEBUG: MainWindow received target angles: (43.70696010290868, 63.46979276953666, -1.269021707642564e-14)
DEBUG: _apply_target_angles(43.70696010290868, 63.46979276953666, -1.269021707642564e-14)
DEBUG: step t=0.141, emit [47.51531002291419, 63.57777504610365, -1.2201142772469198e-14]
DEBUG: MainWindow received target angles: (47.51531002291419, 63.57777504610365, -1.2201142772469198e-14)
DEBUG: _apply_target_angles(47.51531002291419, 63.57777504610365, -1.2201142772469198e-14)
DEBUG: step t=0.179, emit [51.67283987204226, 63.69565799999027, -1.1667226231224085e-14]
DEBUG: MainWindow received target angles: (51.67283987204226, 63.69565799999027, -1.1667226231224085e-14)
DEBUG: _apply_target_angles(51.67283987204226, 63.69565799999027, -1.1667226231224085e-14)
DEBUG: step t=0.217, emit [55.89312988068604, 63.81532046076163, -1.1125249931297107e-14]
DEBUG: MainWindow received target angles: (55.89312988068604, 63.81532046076163, -1.1125249931297107e-14)
DEBUG: _apply_target_angles(55.89312988068604, 63.81532046076163, -1.1125249931297107e-14)
DEBUG: step t=0.256, emit [60.24540525891888, 63.93872524589423, -1.0566323862015923e-14]
DEBUG: MainWindow received target angles: (60.24540525891888, 63.93872524589423, -1.0566323862015923e-14)
DEBUG: _apply_target_angles(60.24540525891888, 63.93872524589423, -1.0566323862015923e-14)
DEBUG: step t=0.300, emit [65.0306252366475, 64.07440577891317, -9.951798364347708e-15]
DEBUG: MainWindow received target angles: (65.0306252366475, 64.07440577891317, -9.951798364347708e-15)
DEBUG: _apply_target_angles(65.0306252366475, 64.07440577891317, -9.951798364347708e-15)
DEBUG: step t=0.342, emit [69.66311149044161, 64.20575568697238, -9.356887172426862e-15]
DEBUG: MainWindow received target angles: (69.66311149044161, 64.20575568697238, -9.356887172426862e-15)
DEBUG: _apply_target_angles(69.66311149044161, 64.20575568697238, -9.356887172426862e-15)
DEBUG: step t=0.386, emit [74.61376323631171, 64.34612688637326, -8.721116666144533e-15]
DEBUG: MainWindow received target angles: (74.61376323631171, 64.34612688637326, -8.721116666144533e-15)
DEBUG: _apply_target_angles(74.61376323631171, 64.34612688637326, -8.721116666144533e-15)
DEBUG: step t=0.429, emit [79.31442041356918, 64.479409718577, -8.117450856700811e-15]
DEBUG: MainWindow received target angles: (79.31442041356918, 64.479409718577, -8.117450856700811e-15)
DEBUG: _apply_target_angles(79.31442041356918, 64.479409718577, -8.117450856700811e-15)
DEBUG: step t=0.471, emit [83.99765056383414, 64.61219842337965, -7.516023053552579e-15]
DEBUG: MainWindow received target angles: (83.99765056383414, 64.61219842337965, -7.516023053552579e-15)
DEBUG: _apply_target_angles(83.99765056383414, 64.61219842337965, -7.516023053552579e-15)
DEBUG: step t=0.515, emit [88.82392530653279, 64.74904302668585, -6.896225238207794e-15]
DEBUG: MainWindow received target angles: (88.82392530653279, 64.74904302668585, -6.896225238207794e-15)
DEBUG: _apply_target_angles(88.82392530653279, 64.74904302668585, -6.896225238207794e-15)
DEBUG: step t=0.561, emit [93.92466446023455, 64.89366981717531, -6.2411802702662825e-15]
DEBUG: MainWindow received target angles: (93.92466446023455, 64.89366981717531, -6.2411802702662825e-15)
DEBUG: _apply_target_angles(93.92466446023455, 64.89366981717531, -6.2411802702662825e-15)
DEBUG: step t=0.604, emit [98.72274392309293, 65.02971496912605, -5.625003337233361e-15]
DEBUG: MainWindow received target angles: (98.72274392309293, 65.02971496912605, -5.625003337233361e-15)
DEBUG: _apply_target_angles(98.72274392309293, 65.02971496912605, -5.625003337233361e-15)
DEBUG: step t=0.652, emit [103.9896320185279, 65.17905276079827, -4.948621260113829e-15]
DEBUG: MainWindow received target angles: (103.9896320185279, 65.17905276079827, -4.948621260113829e-15)
DEBUG: _apply_target_angles(103.9896320185279, 65.17905276079827, -4.948621260113829e-15)
DEBUG: step t=0.709, emit [110.30383652676483, 65.35808625084795, -4.137741157242363e-15]
DEBUG: MainWindow received target angles: (110.30383652676483, 65.35808625084795, -4.137741157242363e-15)
DEBUG: _apply_target_angles(110.30383652676483, 65.35808625084795, -4.137741157242363e-15)
DEBUG: step t=0.768, emit [116.80552879709222, 65.54243578480227, -3.3027835802230865e-15]
DEBUG: MainWindow received target angles: (116.80552879709222, 65.54243578480227, -3.3027835802230865e-15)
DEBUG: _apply_target_angles(116.80552879709222, 65.54243578480227, -3.3027835802230865e-15)
DEBUG: step t=0.816, emit [122.13316913239457, 65.69349615063526, -2.618599604630188e-15]
DEBUG: MainWindow received target angles: (122.13316913239457, 65.69349615063526, -2.618599604630188e-15)
DEBUG: _apply_target_angles(122.13316913239457, 65.69349615063526, -2.618599604630188e-15)
DEBUG: step t=0.850, emit [125.9738561526044, 65.80239531608352, -2.1253725192574906e-15]
DEBUG: MainWindow received target angles: (125.9738561526044, 65.80239531608352, -2.1253725192574906e-15)
DEBUG: _apply_target_angles(125.9738561526044, 65.80239531608352, -2.1253725192574906e-15)
DEBUG: step t=0.880, emit [129.20557306129237, 65.8940276913511, -1.7103503361859946e-15]
DEBUG: MainWindow received target angles: (129.20557306129237, 65.8940276913511, -1.7103503361859946e-15)
DEBUG: _apply_target_angles(129.20557306129237, 65.8940276913511, -1.7103503361859946e-15)
DEBUG: step t=0.907, emit [132.19682019424684, 65.9788417662065, -1.3262096610273178e-15]
DEBUG: MainWindow received target angles: (132.19682019424684, 65.9788417662065, -1.3262096610273178e-15)
DEBUG: _apply_target_angles(132.19682019424684, 65.9788417662065, -1.3262096610273178e-15)
DEBUG: step t=0.932, emit [134.95849024554568, 66.05714639302128, -9.715516368260176e-16]
DEBUG: MainWindow received target angles: (134.95849024554568, 66.05714639302128, -9.715516368260176e-16)
DEBUG: _apply_target_angles(134.95849024554568, 66.05714639302128, -9.715516368260176e-16)
DEBUG: step t=0.959, emit [137.95238640439658, 66.14203557858157, -5.870707695831905e-16]
DEBUG: MainWindow received target angles: (137.95238640439658, 66.14203557858157, -5.870707695831905e-16)
DEBUG: _apply_target_angles(137.95238640439658, 66.14203557858157, -5.870707695831905e-16)
DEBUG: step t=0.976, emit [139.89286060444013, 66.19705594859525, -3.378720119410977e-16]
DEBUG: MainWindow received target angles: (139.89286060444013, 66.19705594859525, -3.378720119410977e-16)
DEBUG: _apply_target_angles(139.89286060444013, 66.19705594859525, -3.378720119410977e-16)
DEBUG: step t=0.988, emit [141.2370380920596, 66.23516887106089, -1.6525061869725692e-16]
DEBUG: MainWindow received target angles: (141.2370380920596, 66.23516887106089, -1.6525061869725692e-16)
DEBUG: _apply_target_angles(141.2370380920596, 66.23516887106089, -1.6525061869725692e-16)
DEBUG: step t=0.997, emit [142.17992596737633, 66.26190359383132, -4.416347045305749e-17]
DEBUG: MainWindow received target angles: (142.17992596737633, 66.26190359383132, -4.416347045305749e-17)
DEBUG: _apply_target_angles(142.17992596737633, 66.26190359383132, -4.416347045305749e-17)
DEBUG: step t=1.000, emit [142.5171371815529, 66.27146490919245, -8.582744170074282e-19]
DEBUG: MainWindow received target angles: (142.5171371815529, 66.27146490919245, -8.582744170074282e-19)
DEBUG: _apply_target_angles(142.5171371815529, 66.27146490919245, -8.582744170074282e-19)
DEBUG: step t=1.000, emit [142.5238204386386, 66.27165440683058, 0.0]
DEBUG: MainWindow received target angles: (142.5238204386386, 66.27165440683058, 0.0)
DEBUG: _apply_target_angles(142.5238204386386, 66.27165440683058, 0.0)
DEBUG: animation complete
DEBUG: Animate clicked
DEBUG: IK result: (np.float64(142.5238204386386), np.float64(-7.465722600377963), np.float64(81.88785344950084))
DEBUG: _start_animation called
DEBUG: animation timer started
DEBUG: animation first step
DEBUG: step t=0.000, emit [142.5238204386386, 66.2716542969032, 1.2207808272729655e-07]
DEBUG: MainWindow received target angles: (142.5238204386386, 66.2716542969032, 1.2207808272729655e-07)
DEBUG: _apply_target_angles(142.5238204386386, 66.2716542969032, 1.2207808272729655e-07)
DEBUG: step t=0.004, emit [142.5238204386386, 65.97416628421146, 0.3303706312420125]
DEBUG: MainWindow received target angles: (142.5238204386386, 65.97416628421146, 0.3303706312420125)
DEBUG: _apply_target_angles(142.5238204386386, 65.97416628421146, 0.3303706312420125)
DEBUG: step t=0.016, emit [142.5238204386386, 65.09872859221001, 1.3025738250140824]
DEBUG: MainWindow received target angles: (142.5238204386386, 65.09872859221001, 1.3025738250140824)
DEBUG: _apply_target_angles(142.5238204386386, 65.09872859221001, 1.3025738250140824)
DEBUG: step t=0.041, emit [142.5238204386386, 63.23008075852558, 3.3777705049626925]
DEBUG: MainWindow received target angles: (142.5238204386386, 63.23008075852558, 3.3777705049626925)
DEBUG: _apply_target_angles(142.5238204386386, 63.23008075852558, 3.3777705049626925)
DEBUG: step t=0.064, emit [142.5238204386386, 61.571241668956404, 5.219967471769152]
DEBUG: MainWindow received target angles: (142.5238204386386, 61.571241668956404, 5.219967471769152)
DEBUG: _apply_target_angles(142.5238204386386, 61.571241668956404, 5.219967471769152)
DEBUG: step t=0.091, emit [142.5238204386386, 59.58469024428579, 7.426100080980647]
DEBUG: MainWindow received target angles: (142.5238204386386, 59.58469024428579, 7.426100080980647)
DEBUG: _apply_target_angles(142.5238204386386, 59.58469024428579, 7.426100080980647)
DEBUG: step t=0.125, emit [142.5238204386386, 57.069525119716246, 10.219276099459192]
DEBUG: MainWindow received target angles: (142.5238204386386, 57.069525119716246, 10.219276099459192)
DEBUG: _apply_target_angles(142.5238204386386, 57.069525119716246, 10.219276099459192)
DEBUG: step t=0.161, emit [142.5238204386386, 54.40108133876965, 13.182673254894016]
DEBUG: MainWindow received target angles: (142.5238204386386, 54.40108133876965, 13.182673254894016)
DEBUG: _apply_target_angles(142.5238204386386, 54.40108133876965, 13.182673254894016)
DEBUG: step t=0.209, emit [142.5238204386386, 50.850225749574015, 17.126018596293495]
DEBUG: MainWindow received target angles: (142.5238204386386, 50.850225749574015, 17.126018596293495)
DEBUG: _apply_target_angles(142.5238204386386, 50.850225749574015, 17.126018596293495)
DEBUG: step t=0.248, emit [142.5238204386386, 47.95279716159189, 20.343711131924103]
DEBUG: MainWindow received target angles: (142.5238204386386, 47.95279716159189, 20.343711131924103)
DEBUG: _apply_target_angles(142.5238204386386, 47.95279716159189, 20.343711131924103)
DEBUG: step t=0.287, emit [142.5238204386386, 45.11978220725645, 23.489870146750263]
DEBUG: MainWindow received target angles: (142.5238204386386, 45.11978220725645, 23.489870146750263)
DEBUG: _apply_target_angles(142.5238204386386, 45.11978220725645, 23.489870146750263)
DEBUG: step t=0.326, emit [142.5238204386386, 42.253184297523404, 26.673324170452755]
DEBUG: MainWindow received target angles: (142.5238204386386, 42.253184297523404, 26.673324170452755)
DEBUG: _apply_target_angles(142.5238204386386, 42.253184297523404, 26.673324170452755)
DEBUG: step t=0.378, emit [142.5238204386386, 38.43246915753399, 30.91635767875284]
DEBUG: MainWindow received target angles: (142.5238204386386, 38.43246915753399, 30.91635767875284)
DEBUG: _apply_target_angles(142.5238204386386, 38.43246915753399, 30.91635767875284)
DEBUG: step t=0.434, emit [142.5238204386386, 34.27370179443315, 35.534809625136496]
DEBUG: MainWindow received target angles: (142.5238204386386, 34.27370179443315, 35.534809625136496)
DEBUG: _apply_target_angles(142.5238204386386, 34.27370179443315, 35.534809625136496)
DEBUG: step t=0.489, emit [142.5238204386386, 30.1857231305601, 40.074648324568365]
DEBUG: MainWindow received target angles: (142.5238204386386, 30.1857231305601, 40.074648324568365)
DEBUG: _apply_target_angles(142.5238204386386, 30.1857231305601, 40.074648324568365)
DEBUG: step t=0.535, emit [142.5238204386386, 26.83134872986222, 43.799794654526]
DEBUG: MainWindow received target angles: (142.5238204386386, 26.83134872986222, 43.799794654526)
DEBUG: _apply_target_angles(142.5238204386386, 26.83134872986222, 43.799794654526)
DEBUG: step t=0.576, emit [142.5238204386386, 23.764631269865966, 47.20548821358288]
DEBUG: MainWindow received target angles: (142.5238204386386, 23.764631269865966, 47.20548821358288)
DEBUG: _apply_target_angles(142.5238204386386, 23.764631269865966, 47.20548821358288)
DEBUG: step t=0.631, emit [142.5238204386386, 19.737216244643463, 51.67806894199009]
DEBUG: MainWindow received target angles: (142.5238204386386, 19.737216244643463, 51.67806894199009)
DEBUG: _apply_target_angles(142.5238204386386, 19.737216244643463, 51.67806894199009)
DEBUG: step t=0.681, emit [142.5238204386386, 16.055061433156858, 55.7672265147081]
DEBUG: MainWindow received target angles: (142.5238204386386, 16.055061433156858, 55.7672265147081)
DEBUG: _apply_target_angles(142.5238204386386, 16.055061433156858, 55.7672265147081)
DEBUG: step t=0.717, emit [142.5238204386386, 13.43814621602813, 58.67339945559066]
DEBUG: MainWindow received target angles: (142.5238204386386, 13.43814621602813, 58.67339945559066)
DEBUG: _apply_target_angles(142.5238204386386, 13.43814621602813, 58.67339945559066)
DEBUG: step t=0.751, emit [142.5238204386386, 10.900695427733332, 61.491324458088265]
DEBUG: MainWindow received target angles: (142.5238204386386, 10.900695427733332, 61.491324458088265)
DEBUG: _apply_target_angles(142.5238204386386, 10.900695427733332, 61.491324458088265)
DEBUG: step t=0.786, emit [142.5238204386386, 8.31909043131359, 64.35828420349192]
DEBUG: MainWindow received target angles: (142.5238204386386, 8.31909043131359, 64.35828420349192)
DEBUG: _apply_target_angles(142.5238204386386, 8.31909043131359, 64.35828420349192)
DEBUG: step t=0.817, emit [142.5238204386386, 5.9956135041169745, 66.93858398943321]
DEBUG: MainWindow received target angles: (142.5238204386386, 5.9956135041169745, 66.93858398943321)
DEBUG: _apply_target_angles(142.5238204386386, 5.9956135041169745, 66.93858398943321)
DEBUG: step t=0.845, emit [142.5238204386386, 3.9355287438061097, 69.22637785724864]
DEBUG: MainWindow received target angles: (142.5238204386386, 3.9355287438061097, 69.22637785724864)
DEBUG: _apply_target_angles(142.5238204386386, 3.9355287438061097, 69.22637785724864)
DEBUG: step t=0.874, emit [142.5238204386386, 1.8612392477539288, 71.52994656498765]
DEBUG: MainWindow received target angles: (142.5238204386386, 1.8612392477539288, 71.52994656498765)
DEBUG: _apply_target_angles(142.5238204386386, 1.8612392477539288, 71.52994656498765)
DEBUG: step t=0.900, emit [142.5238204386386, -0.06481072954790079, 73.66889026869829]
DEBUG: MainWindow received target angles: (142.5238204386386, -0.06481072954790079, 73.66889026869829)
DEBUG: _apply_target_angles(142.5238204386386, -0.06481072954790079, 73.66889026869829)
DEBUG: step t=0.923, emit [142.5238204386386, -1.7802079935132298, 75.57389700287511]
DEBUG: MainWindow received target angles: (142.5238204386386, -1.7802079935132298, 75.57389700287511)
DEBUG: _apply_target_angles(142.5238204386386, -1.7802079935132298, 75.57389700287511)
DEBUG: step t=0.943, emit [142.5238204386386, -3.2603837003231746, 77.217682234711]
DEBUG: MainWindow received target angles: (142.5238204386386, -3.2603837003231746, 77.217682234711)
DEBUG: _apply_target_angles(142.5238204386386, -3.2603837003231746, 77.217682234711)
DEBUG: step t=0.960, emit [142.5238204386386, -4.524636198276951, 78.62167743331271]
DEBUG: MainWindow received target angles: (142.5238204386386, -4.524636198276951, 78.62167743331271)
DEBUG: _apply_target_angles(142.5238204386386, -4.524636198276951, 78.62167743331271)
DEBUG: step t=0.974, emit [142.5238204386386, -5.568488997338875, 79.78091130494985]
DEBUG: MainWindow received target angles: (142.5238204386386, -5.568488997338875, 79.78091130494985)
DEBUG: _apply_target_angles(142.5238204386386, -5.568488997338875, 79.78091130494985)
DEBUG: step t=0.987, emit [142.5238204386386, -6.493290137578811, 80.8079342791261]
DEBUG: MainWindow received target angles: (142.5238204386386, -6.493290137578811, 80.8079342791261)
DEBUG: _apply_target_angles(142.5238204386386, -6.493290137578811, 80.8079342791261)
DEBUG: step t=0.995, emit [142.5238204386386, -7.125657747464544, 81.51019991788718]
DEBUG: MainWindow received target angles: (142.5238204386386, -7.125657747464544, 81.51019991788718)
DEBUG: _apply_target_angles(142.5238204386386, -7.125657747464544, 81.51019991788718)
DEBUG: step t=1.000, emit [142.5238204386386, -7.445259365249811, 81.86512833413481]
DEBUG: MainWindow received target angles: (142.5238204386386, -7.445259365249811, 81.86512833413481)
DEBUG: _apply_target_angles(142.5238204386386, -7.445259365249811, 81.86512833413481)
DEBUG: step t=1.000, emit [142.5238204386386, -7.465722600377958, 81.88785344950084]
DEBUG: MainWindow received target angles: (142.5238204386386, -7.465722600377958, 81.88785344950084)
DEBUG: _apply_target_angles(142.5238204386386, -7.465722600377958, 81.88785344950084)
DEBUG: animation complete
DEBUG: Animate clicked
DEBUG: IK result: (np.float64(56.88865803962798), np.float64(-9.446888724150899), np.float64(103.52613563459364))
DEBUG: _start_animation called
DEBUG: animation timer started
DEBUG: animation first step
DEBUG: step t=0.000, emit [142.52382036502377, -7.465722602081035, 81.88785346810182]
DEBUG: MainWindow received target angles: (142.52382036502377, -7.465722602081035, 81.88785346810182)
DEBUG: _apply_target_angles(142.52382036502377, -7.465722602081035, 81.88785346810182)
DEBUG: step t=0.003, emit [142.30962203399235, -7.470678072069296, 81.94197707574838]
DEBUG: MainWindow received target angles: (142.30962203399235, -7.470678072069296, 81.94197707574838)
DEBUG: _apply_target_angles(142.30962203399235, -7.470678072069296, 81.94197707574838)
DEBUG: step t=0.010, emit [141.67000781552045, -7.485475521930087, 82.1035947169272]
DEBUG: MainWindow received target angles: (141.67000781552045, -7.485475521930087, 82.1035947169272)
DEBUG: _apply_target_angles(141.67000781552045, -7.485475521930087, 82.1035947169272)
DEBUG: step t=0.025, emit [140.3474378113648, -7.516073127109401, 82.4377815410978]
DEBUG: MainWindow received target angles: (140.3474378113648, -7.516073127109401, 82.4377815410978)
DEBUG: _apply_target_angles(140.3474378113648, -7.516073127109401, 82.4377815410978)
DEBUG: step t=0.042, emit [138.915772707006, -7.549194643153567, 82.7995345016203]
DEBUG: MainWindow received target angles: (138.915772707006, -7.549194643153567, 82.7995345016203)
DEBUG: _apply_target_angles(138.915772707006, -7.549194643153567, 82.7995345016203)
DEBUG: step t=0.064, emit [137.07952497553157, -7.591676162409657, 83.26351735004704]
DEBUG: MainWindow received target angles: (137.07952497553157, -7.591676162409657, 83.26351735004704)
DEBUG: _apply_target_angles(137.07952497553157, -7.591676162409657, 83.26351735004704)
DEBUG: step t=0.088, emit [134.98533051163477, -7.640125269204521, 83.79267814674311]
DEBUG: MainWindow received target angles: (134.98533051163477, -7.640125269204521, 83.79267814674311)
DEBUG: _apply_target_angles(134.98533051163477, -7.640125269204521, 83.79267814674311)
DEBUG: step t=0.116, emit [132.59743142593334, -7.69536922090671, 84.39605219075065]
DEBUG: MainWindow received target angles: (132.59743142593334, -7.69536922090671, 84.39605219075065)
DEBUG: _apply_target_angles(132.59743142593334, -7.69536922090671, 84.39605219075065)
DEBUG: step t=0.156, emit [129.13002473409176, -7.775587538742229, 85.27219608242632]
DEBUG: MainWindow received target angles: (129.13002473409176, -7.775587538742229, 85.27219608242632)
DEBUG: _apply_target_angles(129.13002473409176, -7.775587538742229, 85.27219608242632)
DEBUG: step t=0.203, emit [125.1043527668123, -7.868721301831684, 86.2894023744718]
DEBUG: MainWindow received target angles: (125.1043527668123, -7.868721301831684, 86.2894023744718)
DEBUG: _apply_target_angles(125.1043527668123, -7.868721301831684, 86.2894023744718)
DEBUG: step t=0.270, emit [119.43229412363549, -7.999944156102178, 87.7226174470326]
DEBUG: MainWindow received target angles: (119.43229412363549, -7.999944156102178, 87.7226174470326)
DEBUG: _apply_target_angles(119.43229412363549, -7.999944156102178, 87.7226174470326)
DEBUG: step t=0.312, emit [115.83679540149554, -8.083125878035302, 88.63112761699409]
DEBUG: MainWindow received target angles: (115.83679540149554, -8.083125878035302, 88.63112761699409)
DEBUG: _apply_target_angles(115.83679540149554, -8.083125878035302, 88.63112761699409)
DEBUG: step t=0.363, emit [111.47552723111997, -8.184023646122412, 89.733132315902]
DEBUG: MainWindow received target angles: (111.47552723111997, -8.184023646122412, 89.733132315902)
DEBUG: _apply_target_angles(111.47552723111997, -8.184023646122412, 89.733132315902)
DEBUG: step t=0.408, emit [107.5757993796793, -8.274243697031048, 90.71851506442019]
DEBUG: MainWindow received target angles: (107.5757993796793, -8.274243697031048, 90.71851506442019)
DEBUG: _apply_target_angles(107.5757993796793, -8.274243697031048, 90.71851506442019)
DEBUG: step t=0.451, emit [103.89598232514663, -8.359376120277393, 91.64833078012454]
DEBUG: MainWindow received target angles: (103.89598232514663, -8.359376120277393, 91.64833078012454)
DEBUG: _apply_target_angles(103.89598232514663, -8.359376120277393, 91.64833078012454)
DEBUG: step t=0.497, emit [100.00557091027798, -8.449380635791295, 92.63135945260834]
DEBUG: MainWindow received target angles: (100.00557091027798, -8.449380635791295, 92.63135945260834)
DEBUG: _apply_target_angles(100.00557091027798, -8.449380635791295, 92.63135945260834)
DEBUG: step t=0.543, emit [96.02705278673122, -8.541423496555213, 93.63665091728366]
DEBUG: MainWindow received target angles: (96.02705278673122, -8.541423496555213, 93.63665091728366)
DEBUG: _apply_target_angles(96.02705278673122, -8.541423496555213, 93.63665091728366)
DEBUG: step t=0.586, emit [92.36202871255804, -8.626213684781073, 94.5627287445505]
DEBUG: MainWindow received target angles: (92.36202871255804, -8.626213684781073, 94.5627287445505)
DEBUG: _apply_target_angles(92.36202871255804, -8.626213684781073, 94.5627287445505)
DEBUG: step t=0.632, emit [88.38024553233535, -8.718332082503142, 95.56884522334065]
DEBUG: MainWindow received target angles: (88.38024553233535, -8.718332082503142, 95.56884522334065)
DEBUG: _apply_target_angles(88.38024553233535, -8.718332082503142, 95.56884522334065)
DEBUG: step t=0.680, emit [84.26271304458679, -8.813591035131182, 96.60926282027415]
DEBUG: MainWindow received target angles: (84.26271304458679, -8.813591035131182, 96.60926282027415)
DEBUG: _apply_target_angles(84.26271304458679, -8.813591035131182, 96.60926282027415)
DEBUG: step t=0.720, emit [80.82593414272978, -8.89310078024653, 97.4776676857855]
DEBUG: MainWindow received target angles: (80.82593414272978, -8.89310078024653, 97.4776676857855)
DEBUG: _apply_target_angles(80.82593414272978, -8.89310078024653, 97.4776676857855)
DEBUG: step t=0.761, emit [77.3794418126878, -8.972835245142008, 98.34852693912264]
DEBUG: MainWindow received target angles: (77.3794418126878, -8.972835245142008, 98.34852693912264)
DEBUG: _apply_target_angles(77.3794418126878, -8.972835245142008, 98.34852693912264)
DEBUG: step t=0.798, emit [74.18451290824332, -9.046749800051774, 99.15582117736511]
DEBUG: MainWindow received target angles: (74.18451290824332, -9.046749800051774, 99.15582117736511)
DEBUG: _apply_target_angles(74.18451290824332, -9.046749800051774, 99.15582117736511)
DEBUG: step t=0.835, emit [71.02138366051517, -9.119928671150484, 99.9550802823032]
DEBUG: MainWindow received target angles: (71.02138366051517, -9.119928671150484, 99.9550802823032)
DEBUG: _apply_target_angles(71.02138366051517, -9.119928671150484, 99.9550802823032)
DEBUG: step t=0.869, emit [68.13236405106557, -9.186766026517295, 100.68507739793031]
DEBUG: MainWindow received target angles: (68.13236405106557, -9.186766026517295, 100.68507739793031)
DEBUG: _apply_target_angles(68.13236405106557, -9.186766026517295, 100.68507739793031)
DEBUG: step t=0.899, emit [65.53622883629673, -9.246827512899127, 101.34106852113362]
DEBUG: MainWindow received target angles: (65.53622883629673, -9.246827512899127, 101.34106852113362)
DEBUG: _apply_target_angles(65.53622883629673, -9.246827512899127, 101.34106852113362)
DEBUG: step t=0.925, emit [63.27785616627391, -9.299074876054188, 101.91171384653585]
DEBUG: MainWindow received target angles: (63.27785616627391, -9.299074876054188, 101.91171384653585)
DEBUG: _apply_target_angles(63.27785616627391, -9.299074876054188, 101.91171384653585)
DEBUG: step t=0.949, emit [61.219131041175686, -9.346703401086938, 102.43191225511538]
DEBUG: MainWindow received target angles: (61.219131041175686, -9.346703401086938, 102.43191225511538)
DEBUG: _apply_target_angles(61.219131041175686, -9.346703401086938, 102.43191225511538)
DEBUG: step t=0.977, emit [58.88745705185028, -9.40064658738943, 103.02107934876297]
DEBUG: MainWindow received target angles: (58.88745705185028, -9.40064658738943, 103.02107934876297)
DEBUG: _apply_target_angles(58.88745705185028, -9.40064658738943, 103.02107934876297)
DEBUG: step t=0.990, emit [57.74976159919132, -9.426967127070037, 103.30855209425305]
DEBUG: MainWindow received target angles: (57.74976159919132, -9.426967127070037, 103.30855209425305)
DEBUG: _apply_target_angles(57.74976159919132, -9.426967127070037, 103.30855209425305)
DEBUG: step t=0.998, emit [57.08902680669574, -9.442253200582588, 103.47550647944952]
DEBUG: MainWindow received target angles: (57.08902680669574, -9.442253200582588, 103.47550647944952)
DEBUG: _apply_target_angles(57.08902680669574, -9.442253200582588, 103.47550647944952)
DEBUG: step t=1.000, emit [56.888658039627984, -9.446888724150899, 103.52613563459364]
DEBUG: MainWindow received target angles: (56.888658039627984, -9.446888724150899, 103.52613563459364)
DEBUG: _apply_target_angles(56.888658039627984, -9.446888724150899, 103.52613563459364)
DEBUG: animation complete
DEBUG: Animate clicked
DEBUG: IK result: (np.float64(-68.45902408146156), np.float64(-5.571237997353995), np.float64(74.0710905763518))
DEBUG: _start_animation called
DEBUG: animation timer started
DEBUG: animation first step
DEBUG: step t=0.000, emit [56.8886568891516, -9.446888688579083, 103.52613536424693]
DEBUG: MainWindow received target angles: (56.8886568891516, -9.446888688579083, 103.52613536424693)
DEBUG: _apply_target_angles(56.8886568891516, -9.446888688579083, 103.52613536424693)
DEBUG: step t=0.003, emit [56.47348230471243, -9.434051820336279, 103.42857483592476]
DEBUG: MainWindow received target angles: (56.47348230471243, -9.434051820336279, 103.42857483592476)
DEBUG: _apply_target_angles(56.47348230471243, -9.434051820336279, 103.42857483592476)
DEBUG: step t=0.013, emit [55.277243178286845, -9.397065057108575, 103.14747448549899]
DEBUG: MainWindow received target angles: (55.277243178286845, -9.397065057108575, 103.14747448549899)
DEBUG: _apply_target_angles(55.277243178286845, -9.397065057108575, 103.14747448549899)
DEBUG: step t=0.028, emit [53.40207633947245, -9.339086388506663, 102.70683511511444]
DEBUG: MainWindow received target angles: (53.40207633947245, -9.339086388506663, 102.70683511511444)
DEBUG: _apply_target_angles(53.40207633947245, -9.339086388506663, 102.70683511511444)
DEBUG: step t=0.048, emit [50.92342851097958, -9.262448567244904, 102.1243857053101]
DEBUG: MainWindow received target angles: (50.92342851097958, -9.262448567244904, 102.1243857053101)
DEBUG: _apply_target_angles(50.92342851097958, -9.262448567244904, 102.1243857053101)
DEBUG: step t=0.070, emit [48.08977871773543, -9.17483436732643, 101.45851553581902]
DEBUG: MainWindow received target angles: (48.08977871773543, -9.17483436732643, 101.45851553581902)
DEBUG: _apply_target_angles(48.08977871773543, -9.17483436732643, 101.45851553581902)
DEBUG: step t=0.096, emit [44.84207181441969, -9.074417850584624, 100.6953474296811]
DEBUG: MainWindow received target angles: (44.84207181441969, -9.074417850584624, 100.6953474296811)
DEBUG: _apply_target_angles(44.84207181441969, -9.074417850584624, 100.6953474296811)
DEBUG: step t=0.127, emit [40.97515828347687, -8.954855956953581, 99.78667396749283]
DEBUG: MainWindow received target angles: (40.97515828347687, -8.954855956953581, 99.78667396749283)
DEBUG: _apply_target_angles(40.97515828347687, -8.954855956953581, 99.78667396749283)
DEBUG: step t=0.163, emit [36.482171477823464, -8.81593637516189, 98.73088157813886]
DEBUG: MainWindow received target angles: (36.482171477823464, -8.81593637516189, 98.73088157813886)
DEBUG: _apply_target_angles(36.482171477823464, -8.81593637516189, 98.73088157813886)
DEBUG: step t=0.199, emit [31.908770060459904, -8.674530437475573, 97.65619282013107]
DEBUG: MainWindow received target angles: (31.908770060459904, -8.674530437475573, 97.65619282013107)
DEBUG: _apply_target_angles(31.908770060459904, -8.674530437475573, 97.65619282013107)
DEBUG: step t=0.243, emit [26.416942162977577, -8.504727482828518, 96.36568600392856]
DEBUG: MainWindow received target angles: (26.416942162977577, -8.504727482828518, 96.36568600392856)
DEBUG: _apply_target_angles(26.416942162977577, -8.504727482828518, 96.36568600392856)
DEBUG: step t=0.308, emit [18.316477483039606, -8.254267551755632, 94.46218409545469]
DEBUG: MainWindow received target angles: (18.316477483039606, -8.254267551755632, 94.46218409545469)
DEBUG: _apply_target_angles(18.316477483039606, -8.254267551755632, 94.46218409545469)
DEBUG: step t=0.372, emit [10.280903231159115, -8.005813981154732, 92.57393057809534]
DEBUG: MainWindow received target angles: (10.280903231159115, -8.005813981154732, 92.57393057809534)
DEBUG: _apply_target_angles(10.280903231159115, -8.005813981154732, 92.57393057809534)
DEBUG: step t=0.440, emit [1.7317635520102925, -7.741481375634565, 90.56499598754368]
DEBUG: MainWindow received target angles: (1.7317635520102925, -7.741481375634565, 90.56499598754368)
DEBUG: _apply_target_angles(1.7317635520102925, -7.741481375634565, 90.56499598754368)
DEBUG: step t=0.500, emit [-5.839155715561468, -7.50739456792208, 88.78593023710394]
DEBUG: MainWindow received target angles: (-5.839155715561468, -7.50739456792208, 88.78593023710394)
DEBUG: _apply_target_angles(-5.839155715561468, -7.50739456792208, 88.78593023710394)
DEBUG: step t=0.560, emit [-13.2938896363286, -7.276900118809026, 87.03416650427896]
DEBUG: MainWindow received target angles: (-13.2938896363286, -7.276900118809026, 87.03416650427896)
DEBUG: _apply_target_angles(-13.2938896363286, -7.276900118809026, 87.03416650427896)
DEBUG: step t=0.610, emit [-19.55476425179927, -7.083318850745429, 85.56294389543532]
DEBUG: MainWindow received target angles: (-19.55476425179927, -7.083318850745429, 85.56294389543532)
DEBUG: _apply_target_angles(-19.55476425179927, -7.083318850745429, 85.56294389543532)
DEBUG: step t=0.676, emit [-27.880955326103873, -6.825879638926535, 83.6063992740497]
DEBUG: MainWindow received target angles: (-27.880955326103873, -6.825879638926535, 83.6063992740497)
DEBUG: _apply_target_angles(-27.880955326103873, -6.825879638926535, 83.6063992740497)
DEBUG: step t=0.735, emit [-35.22521326958534, -6.598801019244195, 81.88059593262358]
DEBUG: MainWindow received target angles: (-35.22521326958534, -6.598801019244195, 81.88059593262358)
DEBUG: _apply_target_angles(-35.22521326958534, -6.598801019244195, 81.88059593262358)
DEBUG: step t=0.786, emit [-41.63157746601354, -6.400721328947031, 80.37518519927622]
DEBUG: MainWindow received target angles: (-41.63157746601354, -6.400721328947031, 80.37518519927622)
DEBUG: _apply_target_angles(-41.63157746601354, -6.400721328947031, 80.37518519927622)
DEBUG: step t=0.825, emit [-46.5109721180099, -6.249854323595707, 79.22859208403491]
DEBUG: MainWindow received target angles: (-46.5109721180099, -6.249854323595707, 79.22859208403491)
DEBUG: _apply_target_angles(-46.5109721180099, -6.249854323595707, 79.22859208403491)
DEBUG: step t=0.864, emit [-51.42839453476061, -6.097811529975985, 78.07306294775717]
DEBUG: MainWindow received target angles: (-51.42839453476061, -6.097811529975985, 78.07306294775717)
DEBUG: _apply_target_angles(-51.42839453476061, -6.097811529975985, 78.07306294775717)
DEBUG: step t=0.896, emit [-55.38521066115523, -5.975469919532413, 77.14326356640488]
DEBUG: MainWindow received target angles: (-55.38521066115523, -5.975469919532413, 77.14326356640488)
DEBUG: _apply_target_angles(-55.38521066115523, -5.975469919532413, 77.14326356640488)
DEBUG: step t=0.926, emit [-59.2188087930257, -5.856938111567444, 76.24241878173345]
DEBUG: MainWindow received target angles: (-59.2188087930257, -5.856938111567444, 76.24241878173345)
DEBUG: _apply_target_angles(-59.2188087930257, -5.856938111567444, 76.24241878173345)
DEBUG: step t=0.950, emit [-62.18033645269455, -5.7653700296340515, 75.54649900738526]
DEBUG: MainWindow received target angles: (-62.18033645269455, -5.7653700296340515, 75.54649900738526)
DEBUG: _apply_target_angles(-62.18033645269455, -5.7653700296340515, 75.54649900738526)
DEBUG: step t=0.971, emit [-64.87066502320478, -5.6821872080358995, 74.91430742693544]
DEBUG: MainWindow received target angles: (-64.87066502320478, -5.6821872080358995, 74.91430742693544)
DEBUG: _apply_target_angles(-64.87066502320478, -5.6821872080358995, 74.91430742693544)
DEBUG: step t=0.985, emit [-66.63167521410276, -5.6277381722758495, 74.5004933567972]
DEBUG: MainWindow received target angles: (-66.63167521410276, -5.6277381722758495, 74.5004933567972)
DEBUG: _apply_target_angles(-66.63167521410276, -5.6277381722758495, 74.5004933567972)
DEBUG: step t=0.995, emit [-67.84460363977612, -5.5902353891771375, 74.21547124209931]
DEBUG: MainWindow received target angles: (-67.84460363977612, -5.5902353891771375, 74.21547124209931)
DEBUG: _apply_target_angles(-67.84460363977612, -5.5902353891771375, 74.21547124209931)
DEBUG: step t=1.000, emit [-68.40854211576584, -5.5727988596190805, 74.08295316965257]
DEBUG: MainWindow received target angles: (-68.40854211576584, -5.5727988596190805, 74.08295316965257)
DEBUG: _apply_target_angles(-68.40854211576584, -5.5727988596190805, 74.08295316965257)
DEBUG: step t=1.000, emit [-68.45902408146156, -5.571237997353995, 74.0710905763518]
DEBUG: MainWindow received target angles: (-68.45902408146156, -5.571237997353995, 74.0710905763518)
DEBUG: _apply_target_angles(-68.45902408146156, -5.571237997353995, 74.0710905763518)
DEBUG: animation complete
DEBUG: Animate clicked
DEBUG: IK result: (np.float64(-37.23483398157467), np.float64(21.706566609663327), np.float64(3.1805546814635168e-15))
DEBUG: _start_animation called
DEBUG: animation timer started
DEBUG: animation first step
DEBUG: step t=0.000, emit [-68.45902402050046, -5.57123794409769, 74.0710904317378]
DEBUG: MainWindow received target angles: (-68.45902402050046, -5.57123794409769, 74.0710904317378)
DEBUG: _apply_target_angles(-68.45902402050046, -5.57123794409769, 74.0710904317378)
DEBUG: step t=0.003, emit [-68.38066261909789, -5.502780540099268, 73.88519883799552]
DEBUG: MainWindow received target angles: (-68.38066261909789, -5.502780540099268, 73.88519883799552)
DEBUG: _apply_target_angles(-68.38066261909789, -5.502780540099268, 73.88519883799552)
DEBUG: step t=0.011, emit [-68.11623999045021, -5.271777949644519, 73.25792644392082]
DEBUG: MainWindow received target angles: (-68.11623999045021, -5.271777949644519, 73.25792644392082)
DEBUG: _apply_target_angles(-68.11623999045021, -5.271777949644519, 73.25792644392082)
DEBUG: step t=0.022, emit [-67.7686412975875, -4.968111811460262, 72.43334094847994]
DEBUG: MainWindow received target angles: (-67.7686412975875, -4.968111811460262, 72.43334094847994)
DEBUG: _apply_target_angles(-67.7686412975875, -4.968111811460262, 72.43334094847994)
DEBUG: step t=0.038, emit [-67.28284281089265, -4.543712774814168, 71.28091318030674]
DEBUG: MainWindow received target angles: (-67.28284281089265, -4.543712774814168, 71.28091318030674)
DEBUG: _apply_target_angles(-67.28284281089265, -4.543712774814168, 71.28091318030674)
DEBUG: step t=0.057, emit [-66.67277407375383, -4.010749845902747, 69.83368727815038]
DEBUG: MainWindow received target angles: (-66.67277407375383, -4.010749845902747, 69.83368727815038)
DEBUG: _apply_target_angles(-66.67277407375383, -4.010749845902747, 69.83368727815038)
DEBUG: step t=0.080, emit [-65.9662740061308, -3.3935434191607134, 68.15770367909803]
DEBUG: MainWindow received target angles: (-65.9662740061308, -3.3935434191607134, 68.15770367909803)
DEBUG: _apply_target_angles(-65.9662740061308, -3.3935434191607134, 68.15770367909803)
DEBUG: step t=0.106, emit [-65.14938338493279, -2.6798985598685756, 66.21984783719581]
DEBUG: MainWindow received target angles: (-65.14938338493279, -2.6798985598685756, 66.21984783719581)
DEBUG: _apply_target_angles(-65.14938338493279, -2.6798985598685756, 66.21984783719581)
DEBUG: step t=0.135, emit [-64.23182650904775, -1.8783105252022132, 64.04318806651114]
DEBUG: MainWindow received target angles: (-64.23182650904775, -1.8783105252022132, 64.04318806651114)
DEBUG: _apply_target_angles(-64.23182650904775, -1.8783105252022132, 64.04318806651114)
DEBUG: step t=0.166, emit [-63.26717523499767, -1.0355802931843243, 61.754809355448415]
DEBUG: MainWindow received target angles: (-63.26717523499767, -1.0355802931843243, 61.754809355448415)
DEBUG: _apply_target_angles(-63.26717523499767, -1.0355802931843243, 61.754809355448415)
DEBUG: step t=0.208, emit [-61.97656566534058, 0.09191078192223046, 58.69318123869149]
DEBUG: MainWindow received target angles: (-61.97656566534058, 0.09191078192223046, 58.69318123869149)
DEBUG: _apply_target_angles(-61.97656566534058, 0.09191078192223046, 58.69318123869149)
DEBUG: step t=0.244, emit [-60.849612346705264, 1.0764299104768327, 56.019784072170296]
DEBUG: MainWindow received target angles: (-60.849612346705264, 1.0764299104768327, 56.019784072170296)
DEBUG: _apply_target_angles(-60.849612346705264, 1.0764299104768327, 56.019784072170296)
DEBUG: step t=0.288, emit [-59.47868088986609, 2.2740910920684696, 52.767613630322]
DEBUG: MainWindow received target angles: (-59.47868088986609, 2.2740910920684696, 52.767613630322)
DEBUG: _apply_target_angles(-59.47868088986609, 2.2740910920684696, 52.767613630322)
DEBUG: step t=0.341, emit [-57.819348392719526, 3.7237026749611246, 48.83128838700136]
DEBUG: MainWindow received target angles: (-57.819348392719526, 3.7237026749611246, 48.83128838700136)
DEBUG: _apply_target_angles(-57.819348392719526, 3.7237026749611246, 48.83128838700136)
DEBUG: step t=0.399, emit [-56.00836100501931, 5.305801680553529, 44.535202230791995]
DEBUG: MainWindow received target angles: (-56.00836100501931, 5.305801680553529, 44.535202230791995)
DEBUG: _apply_target_angles(-56.00836100501931, 5.305801680553529, 44.535202230791995)
DEBUG: step t=0.454, emit [-54.269238603681345, 6.825118623591088, 40.409596650606474]
DEBUG: MainWindow received target angles: (-54.269238603681345, 6.825118623591088, 40.409596650606474)
DEBUG: _apply_target_angles(-54.269238603681345, 6.825118623591088, 40.409596650606474)
DEBUG: step t=0.503, emit [-52.762961837697745, 8.141018993629489, 36.83635544212979]
DEBUG: MainWindow received target angles: (-52.762961837697745, 8.141018993629489, 36.83635544212979)
DEBUG: _apply_target_angles(-52.762961837697745, 8.141018993629489, 36.83635544212979)
DEBUG: step t=0.549, emit [-51.32019281593436, 9.401438282098455, 33.413769474329875]
DEBUG: MainWindow received target angles: (-51.32019281593436, 9.401438282098455, 33.413769474329875)
DEBUG: _apply_target_angles(-51.32019281593436, 9.401438282098455, 33.413769474329875)
DEBUG: step t=0.596, emit [-49.863761283352524, 10.673793294099548, 29.9587728315662]
DEBUG: MainWindow received target angles: (-49.863761283352524, 10.673793294099548, 29.9587728315662)
DEBUG: _apply_target_angles(-49.863761283352524, 10.673793294099548, 29.9587728315662)
DEBUG: step t=0.639, emit [-48.49288077203668, 11.871409969107466, 26.706723244428964]
DEBUG: MainWindow received target angles: (-48.49288077203668, 11.871409969107466, 26.706723244428964)
DEBUG: _apply_target_angles(-48.49288077203668, 11.871409969107466, 26.706723244428964)
DEBUG: step t=0.679, emit [-47.25859934939206, 12.949692139734312, 23.77871868255086]
DEBUG: MainWindow received target angles: (-47.25859934939206, 12.949692139734312, 23.77871868255086)
DEBUG: _apply_target_angles(-47.25859934939206, 12.949692139734312, 23.77871868255086)
DEBUG: step t=0.721, emit [-45.93331197887669, 14.107478132755057, 20.63482670177872]
DEBUG: MainWindow received target angles: (-45.93331197887669, 14.107478132755057, 20.63482670177872)
DEBUG: _apply_target_angles(-45.93331197887669, 14.107478132755057, 20.63482670177872)
DEBUG: step t=0.768, emit [-44.467873724089955, 15.38770151884909, 17.158464004872386]
DEBUG: MainWindow received target angles: (-44.467873724089955, 15.38770151884909, 17.158464004872386)
DEBUG: _apply_target_angles(-44.467873724089955, 15.38770151884909, 17.158464004872386)
DEBUG: step t=0.807, emit [-43.25543826993849, 16.446898805028937, 14.282283195854106]
DEBUG: MainWindow received target angles: (-43.25543826993849, 16.446898805028937, 14.282283195854106)
DEBUG: _apply_target_angles(-43.25543826993849, 16.446898805028937, 14.282283195854106)
DEBUG: step t=0.840, emit [-42.22299983368801, 17.348848666425567, 11.833097462569285]
DEBUG: MainWindow received target angles: (-42.22299983368801, 17.348848666425567, 11.833097462569285)
DEBUG: _apply_target_angles(-42.22299983368801, 17.348848666425567, 11.833097462569285)
DEBUG: step t=0.875, emit [-41.14768084536643, 18.288259461703746, 9.282189018582855]
DEBUG: MainWindow received target angles: (-41.14768084536643, 18.288259461703746, 9.282189018582855)
DEBUG: _apply_target_angles(-41.14768084536643, 18.288259461703746, 9.282189018582855)
DEBUG: step t=0.904, emit [-40.23904831371068, 19.082051088605695, 7.126699882192526]
DEBUG: MainWindow received target angles: (-40.23904831371068, 19.082051088605695, 7.126699882192526)
DEBUG: _apply_target_angles(-40.23904831371068, 19.082051088605695, 7.126699882192526)
DEBUG: step t=0.932, emit [-39.369174450353626, 19.841982705774882, 5.063155382988526]
DEBUG: MainWindow received target angles: (-39.369174450353626, 19.841982705774882, 5.063155382988526)
DEBUG: _apply_target_angles(-39.369174450353626, 19.841982705774882, 5.063155382988526)
DEBUG: step t=0.955, emit [-38.653546621386695, 20.467163247766727, 3.3655185966124748]
DEBUG: MainWindow received target angles: (-38.653546621386695, 20.467163247766727, 3.3655185966124748)
DEBUG: _apply_target_angles(-38.653546621386695, 20.467163247766727, 3.3655185966124748)
DEBUG: step t=0.974, emit [-38.04054315472831, 21.002689989483315, 1.911330828820354]
DEBUG: MainWindow received target angles: (-38.04054315472831, 21.002689989483315, 1.911330828820354)
DEBUG: _apply_target_angles(-38.04054315472831, 21.002689989483315, 1.911330828820354)
DEBUG: step t=0.987, emit [-37.629893151844584, 21.36143846317308, 0.9371728615048056]
DEBUG: MainWindow received target angles: (-37.629893151844584, 21.36143846317308, 0.9371728615048056)
DEBUG: _apply_target_angles(-37.629893151844584, 21.36143846317308, 0.9371728615048056)
DEBUG: step t=0.996, emit [-37.35304513921399, 21.60329600920454, 0.28042454701392217]
DEBUG: MainWindow received target angles: (-37.35304513921399, 21.60329600920454, 0.28042454701392217)
DEBUG: _apply_target_angles(-37.35304513921399, 21.60329600920454, 0.28042454701392217)
DEBUG: step t=1.000, emit [-37.23483398157467, 21.706566609663327, 0.0]
DEBUG: MainWindow received target angles: (-37.23483398157467, 21.706566609663327, 0.0)
DEBUG: _apply_target_angles(-37.23483398157467, 21.706566609663327, 0.0)
DEBUG: animation complete
DEBUG: Animate clicked
DEBUG: IK result: (np.float64(-37.23483398157467), np.float64(55.09297595136949), np.float64(6.3611093629270335e-15))
DEBUG: _start_animation called
DEBUG: animation timer started
DEBUG: animation first step
DEBUG: step t=0.000, emit [-37.23483398157467, 21.706567601991445, 1.8906818133185189e-22]
DEBUG: MainWindow received target angles: (-37.23483398157467, 21.706567601991445, 1.8906818133185189e-22)
DEBUG: _apply_target_angles(-37.23483398157467, 21.706567601991445, 1.8906818133185189e-22)
DEBUG: step t=0.004, emit [-37.23483398157467, 21.825288852141263, 2.2620137448284995e-17]
DEBUG: MainWindow received target angles: (-37.23483398157467, 21.825288852141263, 2.2620137448284995e-17)
DEBUG: _apply_target_angles(-37.23483398157467, 21.825288852141263, 2.2620137448284995e-17)
DEBUG: step t=0.014, emit [-37.23483398157467, 22.185961822251144, 9.133912377709186e-17]
DEBUG: MainWindow received target angles: (-37.23483398157467, 22.185961822251144, 9.133912377709186e-17)
DEBUG: _apply_target_angles(-37.23483398157467, 22.185961822251144, 9.133912377709186e-17)
DEBUG: step t=0.042, emit [-37.23483398157467, 23.10399765493479, 2.662524027409218e-16]
DEBUG: MainWindow received target angles: (-37.23483398157467, 23.10399765493479, 2.662524027409218e-16)
DEBUG: _apply_target_angles(-37.23483398157467, 23.10399765493479, 2.662524027409218e-16)
DEBUG: step t=0.071, emit [-37.23483398157467, 24.07948179407742, 4.521113020127142e-16]
DEBUG: MainWindow received target angles: (-37.23483398157467, 24.07948179407742, 4.521113020127142e-16)
DEBUG: _apply_target_angles(-37.23483398157467, 24.07948179407742, 4.521113020127142e-16)
DEBUG: step t=0.102, emit [-37.23483398157467, 25.116563183186415, 6.497063194001535e-16]
DEBUG: MainWindow received target angles: (-37.23483398157467, 25.116563183186415, 6.497063194001535e-16)
DEBUG: _apply_target_angles(-37.23483398157467, 25.116563183186415, 6.497063194001535e-16)
DEBUG: step t=0.139, emit [-37.23483398157467, 26.3458260169147, 8.839176489593096e-16]
DEBUG: MainWindow received target angles: (-37.23483398157467, 26.3458260169147, 8.839176489593096e-16)
DEBUG: _apply_target_angles(-37.23483398157467, 26.3458260169147, 8.839176489593096e-16)
DEBUG: step t=0.184, emit [-37.23483398157467, 27.836549750782353, 1.1679450986915983e-15]
DEBUG: MainWindow received target angles: (-37.23483398157467, 27.836549750782353, 1.1679450986915983e-15)
DEBUG: _apply_target_angles(-37.23483398157467, 27.836549750782353, 1.1679450986915983e-15)
DEBUG: step t=0.238, emit [-37.23483398157467, 29.637683688989103, 1.5111149748214132e-15]
DEBUG: MainWindow received target angles: (-37.23483398157467, 29.637683688989103, 1.5111149748214132e-15)
DEBUG: _apply_target_angles(-37.23483398157467, 29.637683688989103, 1.5111149748214132e-15)
DEBUG: step t=0.298, emit [-37.23483398157467, 31.662376129266768, 1.8968794308633833e-15]
DEBUG: MainWindow received target angles: (-37.23483398157467, 31.662376129266768, 1.8968794308633833e-15)
DEBUG: _apply_target_angles(-37.23483398157467, 31.662376129266768, 1.8968794308633833e-15)
DEBUG: step t=0.350, emit [-37.23483398157467, 33.405409569831725, 2.2289794247618605e-15]
DEBUG: MainWindow received target angles: (-37.23483398157467, 33.405409569831725, 2.2289794247618605e-15)
DEBUG: _apply_target_angles(-37.23483398157467, 33.405409569831725, 2.2289794247618605e-15)
DEBUG: step t=0.404, emit [-37.23483398157467, 35.198651110800384, 2.5706455632044832e-15]
DEBUG: MainWindow received target angles: (-37.23483398157467, 35.198651110800384, 2.5706455632044832e-15)
DEBUG: _apply_target_angles(-37.23483398157467, 35.198651110800384, 2.5706455632044832e-15)
DEBUG: step t=0.466, emit [-37.23483398157467, 37.25484093994238, 2.9624112137193913e-15]
DEBUG: MainWindow received target angles: (-37.23483398157467, 37.25484093994238, 2.9624112137193913e-15)
DEBUG: _apply_target_angles(-37.23483398157467, 37.25484093994238, 2.9624112137193913e-15)
DEBUG: step t=0.512, emit [-37.23483398157467, 38.81285469666555, 3.2592594250387336e-15]
DEBUG: MainWindow received target angles: (-37.23483398157467, 38.81285469666555, 3.2592594250387336e-15)
DEBUG: _apply_target_angles(-37.23483398157467, 38.81285469666555, 3.2592594250387336e-15)
DEBUG: step t=0.559, emit [-37.23483398157467, 40.3830851331527, 3.5584352791792955e-15]
DEBUG: MainWindow received target angles: (-37.23483398157467, 40.3830851331527, 3.5584352791792955e-15)
DEBUG: _apply_target_angles(-37.23483398157467, 40.3830851331527, 3.5584352791792955e-15)
DEBUG: step t=0.615, emit [-37.23483398157467, 42.229521701650526, 3.910236661104188e-15]
DEBUG: MainWindow received target angles: (-37.23483398157467, 42.229521701650526, 3.910236661104188e-15)
DEBUG: _apply_target_angles(-37.23483398157467, 42.229521701650526, 3.910236661104188e-15)
DEBUG: step t=0.666, emit [-37.23483398157467, 43.95767551705262, 4.239501641450548e-15]
DEBUG: MainWindow received target angles: (-37.23483398157467, 43.95767551705262, 4.239501641450548e-15)
DEBUG: _apply_target_angles(-37.23483398157467, 43.95767551705262, 4.239501641450548e-15)
DEBUG: step t=0.726, emit [-37.23483398157467, 45.957304144338536, 4.620490691612219e-15]
DEBUG: MainWindow received target angles: (-37.23483398157467, 45.957304144338536, 4.620490691612219e-15)
DEBUG: _apply_target_angles(-37.23483398157467, 45.957304144338536, 4.620490691612219e-15)
DEBUG: step t=0.783, emit [-37.23483398157467, 47.855386253710385, 4.9821320934759065e-15]
DEBUG: MainWindow received target angles: (-37.23483398157467, 47.855386253710385, 4.9821320934759065e-15)
DEBUG: _apply_target_angles(-37.23483398157467, 47.855386253710385, 4.9821320934759065e-15)
DEBUG: step t=0.824, emit [-37.23483398157467, 49.2062915978093, 5.2395199588442584e-15]
DEBUG: MainWindow received target angles: (-37.23483398157467, 49.2062915978093, 5.2395199588442584e-15)
DEBUG: _apply_target_angles(-37.23483398157467, 49.2062915978093, 5.2395199588442584e-15)
DEBUG: step t=0.866, emit [-37.23483398157467, 50.62811601459698, 5.510420028315587e-15]
DEBUG: MainWindow received target angles: (-37.23483398157467, 50.62811601459698, 5.510420028315587e-15)
DEBUG: _apply_target_angles(-37.23483398157467, 50.62811601459698, 5.510420028315587e-15)
DEBUG: step t=0.913, emit [-37.23483398157467, 52.19197647137647, 5.808382210834703e-15]
DEBUG: MainWindow received target angles: (-37.23483398157467, 52.19197647137647, 5.808382210834703e-15)
DEBUG: _apply_target_angles(-37.23483398157467, 52.19197647137647, 5.808382210834703e-15)
DEBUG: step t=0.951, emit [-37.23483398157467, 53.467060429050704, 6.051323834735164e-15]
DEBUG: MainWindow received target angles: (-37.23483398157467, 53.467060429050704, 6.051323834735164e-15)
DEBUG: _apply_target_angles(-37.23483398157467, 53.467060429050704, 6.051323834735164e-15)
DEBUG: step t=0.972, emit [-37.23483398157467, 54.16944420889379, 6.185148948798767e-15]
DEBUG: MainWindow received target angles: (-37.23483398157467, 54.16944420889379, 6.185148948798767e-15)
DEBUG: _apply_target_angles(-37.23483398157467, 54.16944420889379, 6.185148948798767e-15)
DEBUG: step t=0.988, emit [-37.23483398157467, 54.68597481989125, 6.283563476465563e-15]
DEBUG: MainWindow received target angles: (-37.23483398157467, 54.68597481989125, 6.283563476465563e-15)
DEBUG: _apply_target_angles(-37.23483398157467, 54.68597481989125, 6.283563476465563e-15)
DEBUG: step t=0.997, emit [-37.23483398157467, 54.99333224815977, 6.342124257731779e-15]
DEBUG: MainWindow received target angles: (-37.23483398157467, 54.99333224815977, 6.342124257731779e-15)
DEBUG: _apply_target_angles(-37.23483398157467, 54.99333224815977, 6.342124257731779e-15)
DEBUG: step t=1.000, emit [-37.23483398157467, 55.09297595136949, 6.3611093629270335e-15]
DEBUG: MainWindow received target angles: (-37.23483398157467, 55.09297595136949, 6.3611093629270335e-15)
DEBUG: _apply_target_angles(-37.23483398157467, 55.09297595136949, 6.3611093629270335e-15)
DEBUG: animation complete
DEBUG: Animate clicked
DEBUG: IK result: (np.float64(29.24882633654698), np.float64(57.513645192347106), np.float64(0.0))
DEBUG: _start_animation called
DEBUG: animation timer started
DEBUG: animation first step
DEBUG: step t=0.000, emit [-37.234833845637866, 55.092975956318945, 6.361109349920697e-15]
DEBUG: MainWindow received target angles: (-37.234833845637866, 55.092975956318945, 6.361109349920697e-15)
DEBUG: _apply_target_angles(-37.234833845637866, 55.092975956318945, 6.361109349920697e-15)
DEBUG: step t=0.003, emit [-37.046660937733655, 55.099827329543125, 6.343105099844947e-15]
DEBUG: MainWindow received target angles: (-37.046660937733655, 55.099827329543125, 6.343105099844947e-15)
DEBUG: _apply_target_angles(-37.046660937733655, 55.099827329543125, 6.343105099844947e-15)
DEBUG: step t=0.011, emit [-36.53236090310928, 55.11855298737382, 6.293897238094425e-15]
DEBUG: MainWindow received target angles: (-36.53236090310928, 55.11855298737382, 6.293897238094425e-15)
DEBUG: _apply_target_angles(-36.53236090310928, 55.11855298737382, 6.293897238094425e-15)
DEBUG: step t=0.031, emit [-35.19977564863884, 55.16707239982857, 6.166396428142782e-15]
DEBUG: MainWindow received target angles: (-35.19977564863884, 55.16707239982857, 6.166396428142782e-15)
DEBUG: _apply_target_angles(-35.19977564863884, 55.16707239982857, 6.166396428142782e-15)
DEBUG: step t=0.065, emit [-32.91578855852868, 55.25023234122417, 5.947866166809621e-15]
DEBUG: MainWindow received target angles: (-32.91578855852868, 55.25023234122417, 5.947866166809621e-15)
DEBUG: _apply_target_angles(-32.91578855852868, 55.25023234122417, 5.947866166809621e-15)
DEBUG: step t=0.098, emit [-30.701469129848423, 55.33085568393811, 5.736001657802588e-15]
DEBUG: MainWindow received target angles: (-30.701469129848423, 55.33085568393811, 5.736001657802588e-15)
DEBUG: _apply_target_angles(-30.701469129848423, 55.33085568393811, 5.736001657802588e-15)
DEBUG: step t=0.138, emit [-28.082776276842473, 55.426202257976115, 5.4854469869830304e-15]
DEBUG: MainWindow received target angles: (-28.082776276842473, 55.426202257976115, 5.4854469869830304e-15)
DEBUG: _apply_target_angles(-28.082776276842473, 55.426202257976115, 5.4854469869830304e-15)
DEBUG: step t=0.181, emit [-25.224954955308533, 55.53025549656355, 5.2120126742662414e-15]
DEBUG: MainWindow received target angles: (-25.224954955308533, 55.53025549656355, 5.2120126742662414e-15)
DEBUG: _apply_target_angles(-25.224954955308533, 55.53025549656355, 5.2120126742662414e-15)
DEBUG: step t=0.221, emit [-22.54174867061322, 55.627951003842796, 4.955285404158526e-15]
DEBUG: MainWindow received target angles: (-22.54174867061322, 55.627951003842796, 4.955285404158526e-15)
DEBUG: _apply_target_angles(-22.54174867061322, 55.627951003842796, 4.955285404158526e-15)
DEBUG: step t=0.258, emit [-20.1003703690112, 55.716841557281036, 4.721696063582846e-15]
DEBUG: MainWindow received target angles: (-20.1003703690112, 55.716841557281036, 4.721696063582846e-15)
DEBUG: _apply_target_angles(-20.1003703690112, 55.716841557281036, 4.721696063582846e-15)
DEBUG: step t=0.295, emit [-17.63064095845248, 55.80676437424194, 4.485394109054041e-15]
DEBUG: MainWindow received target angles: (-17.63064095845248, 55.80676437424194, 4.485394109054041e-15)
DEBUG: _apply_target_angles(-17.63064095845248, 55.80676437424194, 4.485394109054041e-15)
DEBUG: step t=0.335, emit [-14.958068727127603, 55.90407269577092, 4.229684297614167e-15]
DEBUG: MainWindow received target angles: (-14.958068727127603, 55.90407269577092, 4.229684297614167e-15)
DEBUG: _apply_target_angles(-14.958068727127603, 55.90407269577092, 4.229684297614167e-15)
DEBUG: step t=0.380, emit [-11.984854728560904, 56.01232738028643, 3.945209295579522e-15]
DEBUG: MainWindow received target angles: (-11.984854728560904, 56.01232738028643, 3.945209295579522e-15)
DEBUG: _apply_target_angles(-11.984854728560904, 56.01232738028643, 3.945209295579522e-15)
DEBUG: step t=0.423, emit [-9.137693229953463, 56.115992494854375, 3.672794907143382e-15]
DEBUG: MainWindow received target angles: (-9.137693229953463, 56.115992494854375, 3.672794907143382e-15)
DEBUG: _apply_target_angles(-9.137693229953463, 56.115992494854375, 3.672794907143382e-15)
DEBUG: step t=0.476, emit [-5.606584777780604, 56.24456010945067, 3.3349409603367698e-15]
DEBUG: MainWindow received target angles: (-5.606584777780604, 56.24456010945067, 3.3349409603367698e-15)
DEBUG: _apply_target_angles(-5.606584777780604, 56.24456010945067, 3.3349409603367698e-15)
DEBUG: step t=0.522, emit [-2.500647934989992, 56.357647231065016, 3.037767130905629e-15]
DEBUG: MainWindow received target angles: (-2.500647934989992, 56.357647231065016, 3.037767130905629e-15)
DEBUG: _apply_target_angles(-2.500647934989992, 56.357647231065016, 3.037767130905629e-15)
DEBUG: step t=0.574, emit [0.9433827130838566, 56.48304434390274, 2.7082447265006666e-15]
DEBUG: MainWindow received target angles: (0.9433827130838566, 56.48304434390274, 2.7082447265006666e-15)
DEBUG: _apply_target_angles(0.9433827130838566, 56.48304434390274, 2.7082447265006666e-15)
DEBUG: step t=0.618, emit [3.884742082453272, 56.590139201767435, 2.426817552745478e-15]
DEBUG: MainWindow received target angles: (3.884742082453272, 56.590139201767435, 2.426817552745478e-15)
DEBUG: _apply_target_angles(3.884742082453272, 56.590139201767435, 2.426817552745478e-15)
DEBUG: step t=0.664, emit [6.897303278651975, 56.69982651725679, 2.1385778388092276e-15]
DEBUG: MainWindow received target angles: (6.897303278651975, 56.69982651725679, 2.1385778388092276e-15)
DEBUG: _apply_target_angles(6.897303278651975, 56.69982651725679, 2.1385778388092276e-15)
DEBUG: step t=0.707, emit [9.785900378936212, 56.805000301563744, 1.8621989214569065e-15]
DEBUG: MainWindow received target angles: (9.785900378936212, 56.805000301563744, 1.8621989214569065e-15)
DEBUG: _apply_target_angles(9.785900378936212, 56.805000301563744, 1.8621989214569065e-15)
DEBUG: step t=0.747, emit [12.425814792334869, 56.90111955235033, 1.6096137868231718e-15]
DEBUG: MainWindow received target angles: (12.425814792334869, 56.90111955235033, 1.6096137868231718e-15)
DEBUG: _apply_target_angles(12.425814792334869, 56.90111955235033, 1.6096137868231718e-15)
DEBUG: step t=0.789, emit [15.242268950736616, 57.003666613045304, 1.3401374548712628e-15]
DEBUG: MainWindow received target angles: (15.242268950736616, 57.003666613045304, 1.3401374548712628e-15)
DEBUG: _apply_target_angles(15.242268950736616, 57.003666613045304, 1.3401374548712628e-15)
DEBUG: step t=0.846, emit [18.988284465901494, 57.14005899111828, 9.817213530326261e-16]
DEBUG: MainWindow received target angles: (18.988284465901494, 57.14005899111828, 9.817213530326261e-16)
DEBUG: _apply_target_angles(18.988284465901494, 57.14005899111828, 9.817213530326261e-16)
DEBUG: step t=0.890, emit [21.90727194041837, 57.2463392885711, 7.024347062750783e-16]
DEBUG: MainWindow received target angles: (21.90727194041837, 57.2463392885711, 7.024347062750783e-16)
DEBUG: _apply_target_angles(21.90727194041837, 57.2463392885711, 7.024347062750783e-16)
DEBUG: step t=0.924, emit [24.207128565876012, 57.33007703955029, 4.823860590798705e-16]
DEBUG: MainWindow received target angles: (24.207128565876012, 57.33007703955029, 4.823860590798705e-16)
DEBUG: _apply_target_angles(24.207128565876012, 57.33007703955029, 4.823860590798705e-16)
DEBUG: step t=0.952, emit [26.02695055329192, 57.39633673535996, 3.082667848458601e-16]
DEBUG: MainWindow received target angles: (26.02695055329192, 57.39633673535996, 3.082667848458601e-16)
DEBUG: _apply_target_angles(26.02695055329192, 57.39633673535996, 3.082667848458601e-16)
DEBUG: step t=0.975, emit [27.607912966495675, 57.45389955705889, 1.5700142489207015e-16]
DEBUG: MainWindow received target angles: (27.607912966495675, 57.45389955705889, 1.5700142489207015e-16)
DEBUG: _apply_target_angles(27.607912966495675, 57.45389955705889, 1.5700142489207015e-16)
DEBUG: step t=0.988, emit [28.4740587255491, 57.485435913317126, 7.412921431866362e-17]
DEBUG: MainWindow received target angles: (28.4740587255491, 57.485435913317126, 7.412921431866362e-17)
DEBUG: _apply_target_angles(28.4740587255491, 57.485435913317126, 7.412921431866362e-17)
DEBUG: step t=0.997, emit [29.066565173638736, 57.507009065684315, 1.7438618516580195e-17]
DEBUG: MainWindow received target angles: (29.066565173638736, 57.507009065684315, 1.7438618516580195e-17)
DEBUG: _apply_target_angles(29.066565173638736, 57.507009065684315, 1.7438618516580195e-17)
DEBUG: step t=1.000, emit [29.248826336546983, 57.513645192347106, 0.0]
DEBUG: MainWindow received target angles: (29.248826336546983, 57.513645192347106, 0.0)
DEBUG: _apply_target_angles(29.248826336546983, 57.513645192347106, 0.0)
DEBUG: animation complete
